<?xml version="1.0" encoding="UTF-8"?>
<testng-results skipped="0" failed="0" ignored="0" total="1" passed="1">
  <reporter-output>
  </reporter-output>
  <suite name="Default suite" duration-ms="79851" started-at="2018-04-01T12:46:24Z" finished-at="2018-04-01T12:47:44Z">
    <groups>
    </groups>
    <test name="Default test" duration-ms="79851" started-at="2018-04-01T12:46:24Z" finished-at="2018-04-01T12:47:44Z">
      <class name="bootcamp_assignment.Login_TestNG">
        <test-method status="PASS" signature="validateIcons()[pri:0, instance:bootcamp_assignment.Login_TestNG@394e1a0f]" name="validateIcons" duration-ms="79687" started-at="2018-04-01T12:46:24Z" finished-at="2018-04-01T12:47:44Z">
          <reporter-output>
          </reporter-output>
        </test-method> <!-- validateIcons -->
      </class> <!-- bootcamp_assignment.Login_TestNG -->
    </test> <!-- Default test -->
  </suite> <!-- Default suite -->
</testng-results>
